<?xml version="1.0" encoding="UTF-8"?>
<testsuite xmlns:xsi="http://www.w3.org/2001/XMLSchema-instance" xsi:noNamespaceSchemaLocation="https://maven.apache.org/surefire/maven-surefire-plugin/xsd/surefire-test-report.xsd" name="com.moodleus.ltisample.AppTest" time="0" tests="1" errors="0" skipped="0" failures="0">
  <properties>
    <property name="sun.desktop" value="windows"/>
    <property name="awt.toolkit" value="sun.awt.windows.WToolkit"/>
    <property name="file.encoding.pkg" value="sun.io"/>
    <property name="java.specification.version" value="1.8"/>
    <property name="sun.cpu.isalist" value="amd64"/>
    <property name="sun.jnu.encoding" value="Cp1252"/>
    <property name="java.class.path" value="C:\Users\Darko Miletic\Documents\NetBeansProjects\ltisample\target\test-classes;C:\Users\Darko Miletic\Documents\NetBeansProjects\ltisample\target\classes;C:\Users\Darko Miletic\.m2\repository\junit\junit\3.8.1\junit-3.8.1.jar;C:\Users\Darko Miletic\.m2\repository\com\hellokaton\blade-core\2.1.2.RELEASE\blade-core-2.1.2.RELEASE.jar;C:\Users\Darko Miletic\.m2\repository\com\hellokaton\blade-kit\2.1.2.RELEASE\blade-kit-2.1.2.RELEASE.jar;C:\Users\Darko Miletic\.m2\repository\com\hellokaton\blade-asm\0.1.1\blade-asm-0.1.1.jar;C:\Users\Darko Miletic\.m2\repository\com\google\code\gson\gson\2.9.0\gson-2.9.0.jar;C:\Users\Darko Miletic\.m2\repository\com\hellokaton\blade-log\0.2.0\blade-log-0.2.0.jar;C:\Users\Darko Miletic\.m2\repository\org\slf4j\slf4j-api\1.7.36\slf4j-api-1.7.36.jar;C:\Users\Darko Miletic\.m2\repository\io\netty\netty-codec-http\4.1.76.Final\netty-codec-http-4.1.76.Final.jar;C:\Users\Darko Miletic\.m2\repository\io\netty\netty-common\4.1.76.Final\netty-common-4.1.76.Final.jar;C:\Users\Darko Miletic\.m2\repository\io\netty\netty-buffer\4.1.76.Final\netty-buffer-4.1.76.Final.jar;C:\Users\Darko Miletic\.m2\repository\io\netty\netty-transport\4.1.76.Final\netty-transport-4.1.76.Final.jar;C:\Users\Darko Miletic\.m2\repository\io\netty\netty-codec\4.1.76.Final\netty-codec-4.1.76.Final.jar;C:\Users\Darko Miletic\.m2\repository\io\netty\netty-handler\4.1.76.Final\netty-handler-4.1.76.Final.jar;C:\Users\Darko Miletic\.m2\repository\io\netty\netty-resolver\4.1.76.Final\netty-resolver-4.1.76.Final.jar;C:\Users\Darko Miletic\.m2\repository\com\hellokaton\blade-template-jetbrick\0.2.0\blade-template-jetbrick-0.2.0.jar;C:\Users\Darko Miletic\.m2\repository\com\github\subchen\jetbrick-template\2.1.10\jetbrick-template-2.1.10.jar;C:\Users\Darko Miletic\.m2\repository\com\github\subchen\jetbrick-commons\2.1.9\jetbrick-commons-2.1.9.jar;C:\Users\Darko Miletic\.m2\repository\org\antlr\antlr4-runtime\4.7.1\antlr4-runtime-4.7.1.jar;C:\Users\Darko Miletic\.m2\repository\org\imsglobal\basiclti-util\1.2.0\basiclti-util-1.2.0.jar;C:\Users\Darko Miletic\.m2\repository\org\apache\commons\commons-lang3\3.1\commons-lang3-3.1.jar;C:\Users\Darko Miletic\.m2\repository\com\googlecode\json-simple\json-simple\1.1\json-simple-1.1.jar;C:\Users\Darko Miletic\.m2\repository\org\codehaus\jackson\jackson-mapper-asl\1.9.3\jackson-mapper-asl-1.9.3.jar;C:\Users\Darko Miletic\.m2\repository\org\codehaus\jackson\jackson-core-asl\1.9.3\jackson-core-asl-1.9.3.jar;C:\Users\Darko Miletic\.m2\repository\net\oauth\core\oauth-provider\20100527\oauth-provider-20100527.jar;C:\Users\Darko Miletic\.m2\repository\net\oauth\core\oauth\20100527\oauth-20100527.jar;C:\Users\Darko Miletic\.m2\repository\org\apache\httpcomponents\httpclient\4.0.1\httpclient-4.0.1.jar;C:\Users\Darko Miletic\.m2\repository\org\apache\httpcomponents\httpcore\4.0.1\httpcore-4.0.1.jar;C:\Users\Darko Miletic\.m2\repository\commons-logging\commons-logging\1.1.1\commons-logging-1.1.1.jar;C:\Users\Darko Miletic\.m2\repository\commons-codec\commons-codec\1.3\commons-codec-1.3.jar;C:\Users\Darko Miletic\.m2\repository\oauth\signpost\signpost-core\1.2.1.2\signpost-core-1.2.1.2.jar;C:\Users\Darko Miletic\.m2\repository\oauth\signpost\signpost-commonshttp4\1.2.1.2\signpost-commonshttp4-1.2.1.2.jar;C:\Users\Darko Miletic\.m2\repository\com\fasterxml\jackson\core\jackson-core\2.4.1\jackson-core-2.4.1.jar;C:\Users\Darko Miletic\.m2\repository\com\fasterxml\jackson\core\jackson-annotations\2.4.1\jackson-annotations-2.4.1.jar;C:\Users\Darko Miletic\.m2\repository\com\fasterxml\jackson\core\jackson-databind\2.4.1\jackson-databind-2.4.1.jar;C:\Users\Darko Miletic\.m2\repository\org\aspectj\aspectjweaver\1.7.4\aspectjweaver-1.7.4.jar;C:\Users\Darko Miletic\.m2\repository\commons-io\commons-io\2.4\commons-io-2.4.jar;"/>
    <property name="java.vm.vendor" value="Temurin"/>
    <property name="sun.arch.data.model" value="64"/>
    <property name="user.variant" value=""/>
    <property name="java.vendor.url" value="https://adoptium.net/"/>
    <property name="user.timezone" value="America/Buenos_Aires"/>
    <property name="java.vm.specification.version" value="1.8"/>
    <property name="os.name" value="Windows 11"/>
    <property name="sun.java.launcher" value="SUN_STANDARD"/>
    <property name="user.country" value="US"/>
    <property name="sun.boot.library.path" value="C:\Program Files\Eclipse Adoptium\jdk-8.0.362.9-hotspot\jre\bin"/>
    <property name="sun.java.command" value="C:\Users\DARKOM~1\AppData\Local\Temp\surefire2655309942384707426\surefirebooter1199204577438878157.jar C:\Users\Darko Miletic\AppData\Local\Temp\surefire2655309942384707426 2023-04-07T09-37-05_080-jvmRun1 surefire4731510476369998905tmp surefire_05150630733453494813tmp"/>
    <property name="surefire.test.class.path" value="C:\Users\Darko Miletic\Documents\NetBeansProjects\ltisample\target\test-classes;C:\Users\Darko Miletic\Documents\NetBeansProjects\ltisample\target\classes;C:\Users\Darko Miletic\.m2\repository\junit\junit\3.8.1\junit-3.8.1.jar;C:\Users\Darko Miletic\.m2\repository\com\hellokaton\blade-core\2.1.2.RELEASE\blade-core-2.1.2.RELEASE.jar;C:\Users\Darko Miletic\.m2\repository\com\hellokaton\blade-kit\2.1.2.RELEASE\blade-kit-2.1.2.RELEASE.jar;C:\Users\Darko Miletic\.m2\repository\com\hellokaton\blade-asm\0.1.1\blade-asm-0.1.1.jar;C:\Users\Darko Miletic\.m2\repository\com\google\code\gson\gson\2.9.0\gson-2.9.0.jar;C:\Users\Darko Miletic\.m2\repository\com\hellokaton\blade-log\0.2.0\blade-log-0.2.0.jar;C:\Users\Darko Miletic\.m2\repository\org\slf4j\slf4j-api\1.7.36\slf4j-api-1.7.36.jar;C:\Users\Darko Miletic\.m2\repository\io\netty\netty-codec-http\4.1.76.Final\netty-codec-http-4.1.76.Final.jar;C:\Users\Darko Miletic\.m2\repository\io\netty\netty-common\4.1.76.Final\netty-common-4.1.76.Final.jar;C:\Users\Darko Miletic\.m2\repository\io\netty\netty-buffer\4.1.76.Final\netty-buffer-4.1.76.Final.jar;C:\Users\Darko Miletic\.m2\repository\io\netty\netty-transport\4.1.76.Final\netty-transport-4.1.76.Final.jar;C:\Users\Darko Miletic\.m2\repository\io\netty\netty-codec\4.1.76.Final\netty-codec-4.1.76.Final.jar;C:\Users\Darko Miletic\.m2\repository\io\netty\netty-handler\4.1.76.Final\netty-handler-4.1.76.Final.jar;C:\Users\Darko Miletic\.m2\repository\io\netty\netty-resolver\4.1.76.Final\netty-resolver-4.1.76.Final.jar;C:\Users\Darko Miletic\.m2\repository\com\hellokaton\blade-template-jetbrick\0.2.0\blade-template-jetbrick-0.2.0.jar;C:\Users\Darko Miletic\.m2\repository\com\github\subchen\jetbrick-template\2.1.10\jetbrick-template-2.1.10.jar;C:\Users\Darko Miletic\.m2\repository\com\github\subchen\jetbrick-commons\2.1.9\jetbrick-commons-2.1.9.jar;C:\Users\Darko Miletic\.m2\repository\org\antlr\antlr4-runtime\4.7.1\antlr4-runtime-4.7.1.jar;C:\Users\Darko Miletic\.m2\repository\org\imsglobal\basiclti-util\1.2.0\basiclti-util-1.2.0.jar;C:\Users\Darko Miletic\.m2\repository\org\apache\commons\commons-lang3\3.1\commons-lang3-3.1.jar;C:\Users\Darko Miletic\.m2\repository\com\googlecode\json-simple\json-simple\1.1\json-simple-1.1.jar;C:\Users\Darko Miletic\.m2\repository\org\codehaus\jackson\jackson-mapper-asl\1.9.3\jackson-mapper-asl-1.9.3.jar;C:\Users\Darko Miletic\.m2\repository\org\codehaus\jackson\jackson-core-asl\1.9.3\jackson-core-asl-1.9.3.jar;C:\Users\Darko Miletic\.m2\repository\net\oauth\core\oauth-provider\20100527\oauth-provider-20100527.jar;C:\Users\Darko Miletic\.m2\repository\net\oauth\core\oauth\20100527\oauth-20100527.jar;C:\Users\Darko Miletic\.m2\repository\org\apache\httpcomponents\httpclient\4.0.1\httpclient-4.0.1.jar;C:\Users\Darko Miletic\.m2\repository\org\apache\httpcomponents\httpcore\4.0.1\httpcore-4.0.1.jar;C:\Users\Darko Miletic\.m2\repository\commons-logging\commons-logging\1.1.1\commons-logging-1.1.1.jar;C:\Users\Darko Miletic\.m2\repository\commons-codec\commons-codec\1.3\commons-codec-1.3.jar;C:\Users\Darko Miletic\.m2\repository\oauth\signpost\signpost-core\1.2.1.2\signpost-core-1.2.1.2.jar;C:\Users\Darko Miletic\.m2\repository\oauth\signpost\signpost-commonshttp4\1.2.1.2\signpost-commonshttp4-1.2.1.2.jar;C:\Users\Darko Miletic\.m2\repository\com\fasterxml\jackson\core\jackson-core\2.4.1\jackson-core-2.4.1.jar;C:\Users\Darko Miletic\.m2\repository\com\fasterxml\jackson\core\jackson-annotations\2.4.1\jackson-annotations-2.4.1.jar;C:\Users\Darko Miletic\.m2\repository\com\fasterxml\jackson\core\jackson-databind\2.4.1\jackson-databind-2.4.1.jar;C:\Users\Darko Miletic\.m2\repository\org\aspectj\aspectjweaver\1.7.4\aspectjweaver-1.7.4.jar;C:\Users\Darko Miletic\.m2\repository\commons-io\commons-io\2.4\commons-io-2.4.jar;"/>
    <property name="sun.cpu.endian" value="little"/>
    <property name="user.home" value="C:\Users\Darko Miletic"/>
    <property name="user.language" value="en"/>
    <property name="java.specification.vendor" value="Oracle Corporation"/>
    <property name="java.home" value="C:\Program Files\Eclipse Adoptium\jdk-8.0.362.9-hotspot\jre"/>
    <property name="basedir" value="C:\Users\Darko Miletic\Documents\NetBeansProjects\ltisample"/>
    <property name="file.separator" value="\"/>
    <property name="line.separator" value="&#10;"/>
    <property name="java.vm.specification.vendor" value="Oracle Corporation"/>
    <property name="java.specification.name" value="Java Platform API Specification"/>
    <property name="java.awt.graphicsenv" value="sun.awt.Win32GraphicsEnvironment"/>
    <property name="surefire.real.class.path" value="C:\Users\DARKOM~1\AppData\Local\Temp\surefire2655309942384707426\surefirebooter1199204577438878157.jar"/>
    <property name="sun.boot.class.path" value="C:\Program Files\Eclipse Adoptium\jdk-8.0.362.9-hotspot\jre\lib\resources.jar;C:\Program Files\Eclipse Adoptium\jdk-8.0.362.9-hotspot\jre\lib\rt.jar;C:\Program Files\Eclipse Adoptium\jdk-8.0.362.9-hotspot\jre\lib\sunrsasign.jar;C:\Program Files\Eclipse Adoptium\jdk-8.0.362.9-hotspot\jre\lib\jsse.jar;C:\Program Files\Eclipse Adoptium\jdk-8.0.362.9-hotspot\jre\lib\jce.jar;C:\Program Files\Eclipse Adoptium\jdk-8.0.362.9-hotspot\jre\lib\charsets.jar;C:\Program Files\Eclipse Adoptium\jdk-8.0.362.9-hotspot\jre\lib\jfr.jar;C:\Program Files\Eclipse Adoptium\jdk-8.0.362.9-hotspot\jre\classes"/>
    <property name="user.script" value=""/>
    <property name="sun.management.compiler" value="HotSpot 64-Bit Tiered Compilers"/>
    <property name="java.runtime.version" value="1.8.0_362-b09"/>
    <property name="user.name" value="Darko Miletic"/>
    <property name="path.separator" value=";"/>
    <property name="os.version" value="10.0"/>
    <property name="java.endorsed.dirs" value="C:\Program Files\Eclipse Adoptium\jdk-8.0.362.9-hotspot\jre\lib\endorsed"/>
    <property name="java.runtime.name" value="OpenJDK Runtime Environment"/>
    <property name="file.encoding" value="UTF-8"/>
    <property name="java.vm.name" value="OpenJDK 64-Bit Server VM"/>
    <property name="maven.ext.class.path" value="C:\Program Files\NetBeans-17\netbeans\java\maven-nblib\netbeans-eventspy.jar"/>
    <property name="localRepository" value="C:\Users\Darko Miletic\.m2\repository"/>
    <property name="java.vendor.url.bug" value="https://github.com/adoptium/adoptium-support/issues"/>
    <property name="java.io.tmpdir" value="C:\Users\DARKOM~1\AppData\Local\Temp\"/>
    <property name="java.version" value="1.8.0_362"/>
    <property name="user.dir" value="C:\Users\Darko Miletic\Documents\NetBeansProjects\ltisample"/>
    <property name="os.arch" value="amd64"/>
    <property name="java.vm.specification.name" value="Java Virtual Machine Specification"/>
    <property name="java.awt.printerjob" value="sun.awt.windows.WPrinterJob"/>
    <property name="sun.os.patch.level" value=""/>
    <property name="java.library.path" value="C:\Program Files\Eclipse Adoptium\jdk-8.0.362.9-hotspot\jre\bin;C:\Windows\Sun\Java\bin;C:\Windows\system32;C:\Windows;C:\Program Files\Eclipse Adoptium\jdk-8.0.362.9-hotspot\bin;C:\Program Files (x86)\Microsoft SDKs\Azure\CLI2\wbin;C:\Windows\system32;C:\Windows;C:\Windows\System32\Wbem;C:\Windows\System32\WindowsPowerShell\v1.0\;C:\Windows\System32\OpenSSH\;C:\Program Files (x86)\NVIDIA Corporation\PhysX\Common;C:\Program Files\NVIDIA Corporation\NVIDIA NvDLISR;C:\ProgramData\chocolatey\bin;C:\Program Files (x86)\Windows Kits\10\Windows Performance Toolkit\;C:\Program Files\Calibre2\;C:\HashiCorp\Vagrant\bin;C:\Program Files\dotnet\;C:\Program Files\Go\bin;C:\Program Files\PowerShell\7\;C:\Program Files\Docker\Docker\resources\bin;C:\Git\cmd;C:\Users\Darko Miletic\AppData\Local\Programs\Python\Python310\Scripts\;C:\Users\Darko Miletic\AppData\Local\Programs\Python\Python310\;C:\Users\Darko Miletic\AppData\Local\Microsoft\WindowsApps;C:\Users\Darko Miletic\go\bin;C:\Users\Darko Miletic\.dotnet\tools;C:\apache-maven\apache-maven-3.9.1\bin;;."/>
    <property name="java.vm.info" value="mixed mode"/>
    <property name="java.vendor" value="Temurin"/>
    <property name="java.vm.version" value="25.362-b09"/>
    <property name="java.specification.maintenance.version" value="4"/>
    <property name="java.ext.dirs" value="C:\Program Files\Eclipse Adoptium\jdk-8.0.362.9-hotspot\jre\lib\ext;C:\Windows\Sun\Java\lib\ext"/>
    <property name="sun.io.unicode.encoding" value="UnicodeLittle"/>
    <property name="java.class.version" value="52.0"/>
  </properties>
  <testcase name="testApp" classname="com.moodleus.ltisample.AppTest" time="0"/>
</testsuite>